<?xml version="1.0" encoding="utf-8" standalone="no"?>
<!--This file represents the results of running a test suite-->
<test-results name="D:\Dev\NUnit\nunit-2.6\bin\Debug\tests\nunit.framework.tests.dll" total="1580" errors="0" failures="0" not-run="0" inconclusive="0" ignored="0" skipped="0" invalid="0" date="2015-10-06" time="10:45:56">
  <environment nunit-version="2.6.4.0" clr-version="2.0.50727.5485" os-version="Microsoft Windows NT 6.1.7601 Service Pack 1" platform="Win32NT" cwd="D:\Dev\NUnit\nunit-2.6\bin\Debug" machine-name="CHARLIE-LAPTOP" user="charlie" user-domain="charlie-laptop" />
  <culture-info current-culture="en-US" current-uiculture="en-US" />
  <test-suite type="Assembly" name="D:\Dev\NUnit\nunit-2.6\bin\Debug\tests\nunit.framework.tests.dll" executed="True" result="Success" success="True" time="18.407" asserts="0">
    <results>
      <test-suite type="Namespace" name="NUnit" executed="True" result="Success" success="True" time="18.386" asserts="0">
        <results>
          <test-suite type="Namespace" name="Framework" executed="True" result="Success" success="True" time="18.384" asserts="0">
            <results>
              <test-suite type="Namespace" name="Constraints" executed="True" result="Success" success="True" time="12.821" asserts="0">
                <results>
                  <test-suite type="TestFixture" name="AllItemsTests" executed="True" result="Success" success="True" time="0.076" asserts="0">
                    <results>
                      <test-case name="NUnit.Framework.Constraints.AllItemsTests.AllItemsAreInRange" executed="True" result="Success" success="True" time="0.021" asserts="1" />
                      <test-case name="NUnit.Framework.Constraints.AllItemsTests.AllItemsAreInRange_UsingComparisonOfT" executed="True" result="Success" success="True" time="0.010" asserts="1" />
                      <test-case name="NUnit.Framework.Constraints.AllItemsTests.AllItemsAreInRange_UsingIComparer" executed="True" result="Success" success="True" time="0.000" asserts="1" />
                      <test-case name="NUnit.Framework.Constraints.AllItemsTests.AllItemsAreInRange_UsingIComparerOfT" executed="True" result="Success" success="True" time="0.000" asserts="1" />
                      <test-case name="NUnit.Framework.Constraints.AllItemsTests.AllItemsAreInRangeFailureMessage" executed="True" result="Success" success="True" time="0.015" asserts="2" />
                      <test-case name="NUnit.Framework.Constraints.AllItemsTests.AllItemsAreInstancesOfType" executed="True" result="Success" success="True" time="0.001" asserts="1" />
                      <test-case name="NUnit.Framework.Constraints.AllItemsTests.AllItemsAreInstancesOfTypeFailureMessage" executed="True" result="Success" success="True" time="0.001" asserts="2" />
                      <test-case name="NUnit.Framework.Constraints.AllItemsTests.AllItemsAreNotNull" executed="True" result="Success" success="True" time="0.000" asserts="1" />
                      <test-case name="NUnit.Framework.Constraints.AllItemsTests.AllItemsAreNotNullFails" executed="True" result="Success" success="True" time="0.001" asserts="2" />
                    </results>
                  </test-suite>
                  <test-suite type="TestFixture" name="AndConstraintTests" executed="True" result="Success" success="True" time="0.032" asserts="0">
                    <results>
                      <test-case name="NUnit.Framework.Constraints.AndConstraintTests.CanCombineTestsWithAndOperator" executed="True" result="Success" success="True" time="0.001" asserts="1" />
                      <test-case name="NUnit.Framework.Constraints.AndConstraintTests.ConstraintTestBaseNoData.ProvidesProperDescription" executed="True" result="Success" success="True" time="0.001" asserts="1" />
                      <test-case name="NUnit.Framework.Constraints.AndConstraintTests.ConstraintTestBaseNoData.ProvidesProperStringRepresentation" executed="True" result="Success" success="True" time="0.000" asserts="1" />
                      <test-suite type="ParameterizedTest" name="FailsWithBadValues" executed="True" result="Success" success="True" time="0.004" asserts="0">
                        <results>
                          <test-case name="NUnit.Framework.Constraints.AndConstraintTests.FailsWithBadValues(37)" executed="True" result="Success" success="True" time="0.001" asserts="1" />
                          <test-case name="NUnit.Framework.Constraints.AndConstraintTests.FailsWithBadValues(53)" executed="True" result="Success" success="True" time="0.000" asserts="1" />
                        </results>
                      </test-suite>
                      <test-suite type="ParameterizedTest" name="ProvidesProperFailureMessage" executed="True" result="Success" success="True" time="0.003" asserts="0">
                        <results>
                          <test-case name="NUnit.Framework.Constraints.AndConstraintTests.ProvidesProperFailureMessage(37,&quot;37&quot;)" executed="True" result="Success" success="True" time="0.001" asserts="1" />
                          <test-case name="NUnit.Framework.Constraints.AndConstraintTests.ProvidesProperFailureMessage(53,&quot;53&quot;)" executed="True" result="Success" success="True" time="0.000" asserts="1" />
                        </results>
                      </test-suite>
                      <test-suite type="ParameterizedTest" name="SucceedsWithGoodValues" executed="True" result="Success" success="True" time="0.002" asserts="0">
                        <results>
                          <test-case name="NUnit.Framework.Constraints.AndConstraintTests.SucceedsWithGoodValues(42)" executed="True" result="Success" success="True" time="0.001" asserts="1" />
                        </results>
                      </test-suite>
                    </results>
                  </test-suite>
                  <test-suite type="TestFixture" name="AssignableFromConstraintTests" executed="True" result="Success" success="True" time="0.008" asserts="0">
                    <results>
                      <test-case name="NUnit.Framework.Constraints.AssignableFromConstraintTests.ConstraintTestBaseNoData.ProvidesProperDescription" executed="True" result="Success" success="True" time="0.001" asserts="1" />
                      <test-case name="NUnit.Framework.Constraints.AssignableFromConstraintTests.ConstraintTestBaseNoData.ProvidesProperStringRepresentation" executed="True" result="Success" success="True" time="0.000" asserts="1" />
                      <test-suite type="ParameterizedTest" name="FailsWithBadValues" executed="True" result="Success" success="True" time="0.001" asserts="0">
                        <results>
                          <test-case name="NUnit.Framework.Constraints.AssignableFromConstraintTests.FailsWithBadValues(NUnit.Framework.Constraints.AssignableFromConstraintTests+D2)" executed="True" result="Success" success="True" time="0.000" asserts="1" />
                        </results>
                      </test-suite>
                      <test-suite type="ParameterizedTest" name="ProvidesProperFailureMessage" executed="True" result="Success" success="True" time="0.001" asserts="0">
                        <results>
                          <test-case name="NUnit.Framework.Constraints.AssignableFromConstraintTests.ProvidesProperFailureMessage(NUnit.Framework.Constraints.AssignableFromConstraintTests+D2,&quot;&lt;NUnit.Framework.Constraints.AssignableFromConstraintTests+D2&gt;&quot;)" executed="True" result="Success" success="True" time="0.000" asserts="1" />
                        </results>
                      </test-suite>
                      <test-suite type="ParameterizedTest" name="SucceedsWithGoodValues" executed="True" result="Success" success="True" time="0.002" asserts="0">
                        <results>
                          <test-case name="NUnit.Framework.Constraints.AssignableFromConstraintTests.SucceedsWithGoodValues(NUnit.Framework.Constraints.AssignableFromConstraintTests+D1)" executed="True" result="Success" success="True" time="0.000" asserts="1" />
                          <test-case name="NUnit.Framework.Constraints.AssignableFromConstraintTests.SucceedsWithGoodValues(NUnit.Framework.Constraints.AssignableFromConstraintTests+B)" executed="True" result="Success" success="True" time="0.000" asserts="1" />
                        </results>
                      </test-suite>
                    </results>
                  </test-suite>
                  <test-suite type="TestFixture" name="AssignableToConstraintTests" executed="True" result="Success" success="True" time="0.009" asserts="0">
                    <results>
                      <test-case name="NUnit.Framework.Constraints.AssignableToConstraintTests.ConstraintTestBaseNoData.ProvidesProperDescription" executed="True" result="Success" success="True" time="0.001" asserts="1" />
                      <test-case name="NUnit.Framework.Constraints.AssignableToConstraintTests.ConstraintTestBaseNoData.ProvidesProperStringRepresentation" executed="True" result="Success" success="True" time="0.000" asserts="1" />
                      <test-suite type="ParameterizedTest" name="FailsWithBadValues" executed="True" result="Success" success="True" time="0.001" asserts="0">
                        <results>
                          <test-case name="NUnit.Framework.Constraints.AssignableToConstraintTests.FailsWithBadValues(NUnit.Framework.Constraints.AssignableToConstraintTests+B)" executed="True" result="Success" success="True" time="0.000" asserts="1" />
                        </results>
                      </test-suite>
                      <test-suite type="ParameterizedTest" name="ProvidesProperFailureMessage" executed="True" result="Success" success="True" time="0.001" asserts="0">
                        <results>
                          <test-case name="NUnit.Framework.Constraints.AssignableToConstraintTests.ProvidesProperFailureMessage(NUnit.Framework.Constraints.AssignableToConstraintTests+B,&quot;&lt;NUnit.Framework.Constraints.AssignableToConstraintTests+B&gt;&quot;)" executed="True" result="Success" success="True" time="0.000" asserts="1" />
                        </results>
                      </test-suite>
                      <test-suite type="ParameterizedTest" name="SucceedsWithGoodValues" executed="True" result="Success" success="True" time="0.002" asserts="0">
                        <results>
                          <test-case name="NUnit.Framework.Constraints.AssignableToConstraintTests.SucceedsWithGoodValues(NUnit.Framework.Constraints.AssignableToConstraintTests+D1)" executed="True" result="Success" success="True" time="0.000" asserts="1" />
                          <test-case name="NUnit.Framework.Constraints.AssignableToConstraintTests.SucceedsWithGoodValues(NUnit.Framework.Constraints.AssignableToConstraintTests+D2)" executed="True" result="Success" success="True" time="0.000" asserts="1" />
                        </results>
                      </test-suite>
                    </results>
                  </test-suite>
                  <test-suite type="TestFixture" name="AttributeExistsConstraintTest" executed="True" result="Success" success="True" time="0.014" asserts="0">
                    <results>
                      <test-case name="NUnit.Framework.Constraints.AttributeExistsConstraintTest.AttributeExistsOnMethodInfo" executed="True" result="Success" success="True" time="0.001" asserts="1" />
                      <test-case name="NUnit.Framework.Constraints.AttributeExistsConstraintTest.AttributeTestPropertyValueOnMethodInfo" description="my description" executed="True" result="Success" success="True" time="0.002" asserts="1" />
                      <test-case name="NUnit.Framework.Constraints.AttributeExistsConstraintTest.CanCombineAttributeConstraints" executed="True" result="Success" success="True" time="0.001" asserts="1" />
                      <test-case name="NUnit.Framework.Constraints.AttributeExistsConstraintTest.ConstraintTestBaseNoData.ProvidesProperDescription" executed="True" result="Success" success="True" time="0.000" asserts="1" />
                      <test-case name="NUnit.Framework.Constraints.AttributeExistsConstraintTest.ConstraintTestBaseNoData.ProvidesProperStringRepresentation" executed="True" result="Success" success="True" time="0.000" asserts="1" />
                      <test-suite type="ParameterizedTest" name="FailsWithBadValues" executed="True" result="Success" success="True" time="0.001" asserts="0">
                        <results>
                          <test-case name="NUnit.Framework.Constraints.AttributeExistsConstraintTest.FailsWithBadValues(NUnit.Framework.Constraints.D2)" executed="True" result="Success" success="True" time="0.000" asserts="1" />
                        </results>
                      </test-suite>
                      <test-case name="NUnit.Framework.Constraints.AttributeExistsConstraintTest.NonAttributeThrowsException" executed="True" result="Success" success="True" time="0.001" asserts="0" />
                      <test-suite type="ParameterizedTest" name="ProvidesProperFailureMessage" executed="True" result="Success" success="True" time="0.001" asserts="0">
                        <results>
                          <test-case name="NUnit.Framework.Constraints.AttributeExistsConstraintTest.ProvidesProperFailureMessage(NUnit.Framework.Constraints.D2,&quot;&lt;NUnit.Framework.Constraints.D2&gt;&quot;)" executed="True" result="Success" success="True" time="0.000" asserts="1" />
                        </results>
                      </test-suite>
                      <test-suite type="ParameterizedTest" name="SucceedsWithGoodValues" executed="True" result="Success" success="True" time="0.001" asserts="0">
                        <results>
                          <test-case name="NUnit.Framework.Constraints.AttributeExistsConstraintTest.SucceedsWithGoodValues(NUnit.Framework.Constraints.AttributeExistsConstraintTest)" executed="True" result="Success" success="True" time="0.000" asserts="1" />
                        </results>
                      </test-suite>
                    </results>
                  </test-suite>
                  <test-suite type="TestFixture" name="BinarySerializableTest" executed="True" result="Success" success="True" time="0.032" asserts="0">
                    <results>
                      <test-case name="NUnit.Framework.Constraints.BinarySerializableTest.ConstraintTestBaseNoData.ProvidesProperDescription" executed="True" result="Success" success="True" time="0.001" asserts="1" />
                      <test-case name="NUnit.Framework.Constraints.BinarySerializableTest.ConstraintTestBaseNoData.ProvidesProperStringRepresentation" executed="True" result="Success" success="True" time="0.000" asserts="1" />
                      <test-suite type="ParameterizedTest" name="FailsWithBadValues" executed="True" result="Success" success="True" time="0.020" asserts="0">
                        <results>
                          <test-case name="NUnit.Framework.Constraints.BinarySerializableTest.FailsWithBadValues(NUnit.Framework.Constraints.BinarySerializableTest+InternalClass)" executed="True" result="Success" success="True" time="0.019" asserts="1" />
                        </results>
                      </test-suite>
                      <test-suite type="ParameterizedTest" name="InvalidDataThrowsArgumentException" executed="True" result="Success" success="True" time="0.001" asserts="0">
                        <results>
                          <test-case name="NUnit.Framework.Constraints.BinarySerializableTest.InvalidDataThrowsArgumentException(null)" executed="True" result="Success" success="True" time="0.001" asserts="0" />
                        </results>
                      </test-suite>
                      <test-suite type="ParameterizedTest" name="ProvidesProperFailureMessage" executed="True" result="Success" success="True" time="0.001" asserts="0">
                        <results>
                          <test-case name="NUnit.Framework.Constraints.BinarySerializableTest.ProvidesProperFailureMessage(NUnit.Framework.Constraints.BinarySerializableTest+InternalClass,&quot;&lt;InternalClass&gt;&quot;)" executed="True" result="Success" success="True" time="0.000" asserts="1" />
                        </results>
                      </test-suite>
                      <test-suite type="ParameterizedTest" name="SucceedsWithGoodValues" executed="True" result="Success" success="True" time="0.004" asserts="0">
                        <results>
                          <test-case name="NUnit.Framework.Constraints.BinarySerializableTest.SucceedsWithGoodValues(1)" executed="True" result="Success" success="True" time="0.000" asserts="1" />
                          <test-case name="NUnit.Framework.Constraints.BinarySerializableTest.SucceedsWithGoodValues(&quot;a&quot;)" executed="True" result="Success" success="True" time="0.000" asserts="1" />
                          <test-case name="NUnit.Framework.Constraints.BinarySerializableTest.SucceedsWithGoodValues(System.Collections.ArrayList)" executed="True" result="Success" success="True" time="0.000" asserts="1" />
                          <test-case name="NUnit.Framework.Constraints.BinarySerializableTest.SucceedsWithGoodValues(NUnit.Framework.Constraints.BinarySerializableTest+InternalWithSerializableAttributeClass)" executed="True" result="Success" success="True" time="0.001" asserts="1" />
                        </results>
                      </test-suite>
                    </results>
                  </test-suite>
                  <test-suite type="TestFixture" name="CollectionContainsTests" executed="True" result="Success" success="True" time="0.028" asserts="0">
                    <results>
                      <test-case name="NUnit.Framework.Constraints.CollectionContainsTests.CanTestContentsOfArray" executed="True" result="Success" success="True" time="0.002" asserts="1" />
                      <test-case name="NUnit.Framework.Constraints.CollectionContainsTests.CanTestContentsOfArrayList" executed="True" result="Success" success="True" time="0.000" asserts="1" />
                      <test-case name="NUnit.Framework.Constraints.CollectionContainsTests.CanTestContentsOfCollectionNotImplementingIList" executed="True" result="Success" success="True" time="0.002" asserts="1" />
                      <test-case name="NUnit.Framework.Constraints.CollectionContainsTests.CanTestContentsOfSortedList" executed="True" result="Success" success="True" time="0.000" asserts="2" />
                      <test-case name="NUnit.Framework.Constraints.CollectionContainsTests.ContainsWithRecursiveStructure" executed="True" result="Success" success="True" time="0.002" asserts="1" />
                      <test-case name="NUnit.Framework.Constraints.CollectionContainsTests.IgnoreCaseIsHonored" executed="True" result="Success" success="True" time="0.000" asserts="1" />
                      <test-case name="NUnit.Framework.Constraints.CollectionContainsTests.UsesProvidedComparerOfT" executed="True" result="Success" success="True" time="0.005" asserts="2" />
                      <test-case name="NUnit.Framework.Constraints.CollectionContainsTests.UsesProvidedComparisonOfT" executed="True" result="Success" success="True" time="0.002" asserts="2" />
                      <test-case name="NUnit.Framework.Constraints.CollectionContainsTests.UsesProvidedEqualityComparer" executed="True" result="Success" success="True" time="0.001" asserts="2" />
                      <test-case name="NUnit.Framework.Constraints.CollectionContainsTests.UsesProvidedEqualityComparerOfT" executed="True" result="Success" success="True" time="0.002" asserts="2" />
                      <test-case name="NUnit.Framework.Constraints.CollectionContainsTests.UsesProvidedIComparer" executed="True" result="Success" success="True" time="0.001" asserts="2" />
                      <test-case name="NUnit.Framework.Constraints.CollectionContainsTests.UsesProvidedLambdaExpression" executed="True" result="Success" success="True" time="0.001" asserts="1" />
                    </results>
                  </test-suite>
                  <test-suite type="TestFixture" name="CollectionEquivalentTests" executed="True" result="Success" success="True" time="0.297" asserts="0">
                    <results>
                      <test-case name="NUnit.Framework.Constraints.CollectionEquivalentTests.EqualCollectionsAreEquivalent" executed="True" result="Success" success="True" time="0.002" asserts="1" />
                      <test-case name="NUnit.Framework.Constraints.CollectionEquivalentTests.EquivalentFailsWithDuplicateElementInActual" executed="True" result="Success" success="True" time="0.000" asserts="1" />
                      <test-case name="NUnit.Framework.Constraints.CollectionEquivalentTests.EquivalentFailsWithDuplicateElementInExpected" executed="True" result="Success" success="True" time="0.000" asserts="1" />
                      <test-case name="NUnit.Framework.Constraints.CollectionEquivalentTests.EquivalentHandlesNull" executed="True" result="Success" success="True" time="0.000" asserts="1" />
                      <test-case name="NUnit.Framework.Constraints.CollectionEquivalentTests.EquivalentHonorsIgnoreCase" executed="True" result="Success" success="True" time="0.000" asserts="1" />
                      <test-case name="NUnit.Framework.Constraints.CollectionEquivalentTests.EquivalentHonorsUsing" executed="True" result="Success" success="True" time="0.001" asserts="1" />
                      <test-case name="NUnit.Framework.Constraints.CollectionEquivalentTests.EquivalentIgnoresOrder" executed="True" result="Success" success="True" time="0.000" asserts="1" />
                      <test-case name="NUnit.Framework.Constraints.CollectionEquivalentTests.FailureMessageWithHashSetAndArray" executed="True" result="Success" success="True" time="0.151" asserts="2" />
                      <test-suite type="ParameterizedTest" name="HonorsIgnoreCase" executed="True" result="Success" success="True" time="0.119" asserts="0">
                        <results>
                          <test-case name="NUnit.Framework.Constraints.CollectionEquivalentTests.HonorsIgnoreCase(System.Char[],System.Object[])" executed="True" result="Success" success="True" time="0.001" asserts="1" />
                          <test-case name="NUnit.Framework.Constraints.CollectionEquivalentTests.HonorsIgnoreCase(System.String[],System.Object[])" executed="True" result="Success" success="True" time="0.000" asserts="1" />
                          <test-case name="NUnit.Framework.Constraints.CollectionEquivalentTests.HonorsIgnoreCase(System.Collections.Generic.Dictionary`2[System.Int32,System.String],System.Collections.Generic.Dictionary`2[System.Int32,System.String])" executed="True" result="Success" success="True" time="0.083" asserts="1" />
                          <test-case name="NUnit.Framework.Constraints.CollectionEquivalentTests.HonorsIgnoreCase(System.Collections.Generic.Dictionary`2[System.Int32,System.Char],System.Collections.Generic.Dictionary`2[System.Int32,System.Char])" executed="True" result="Success" success="True" time="0.004" asserts="1" />
                          <test-case name="NUnit.Framework.Constraints.CollectionEquivalentTests.HonorsIgnoreCase(System.Collections.Generic.Dictionary`2[System.String,System.Int32],System.Collections.Generic.Dictionary`2[System.String,System.Int32])" executed="True" result="Success" success="True" time="0.012" asserts="1" />
                          <test-case name="NUnit.Framework.Constraints.CollectionEquivalentTests.HonorsIgnoreCase(System.Collections.Generic.Dictionary`2[System.Char,System.Int32],System.Collections.Generic.Dictionary`2[System.Char,System.Int32])" executed="True" result="Success" success="True" time="0.004" asserts="1" />
                          <test-case name="NUnit.Framework.Constraints.CollectionEquivalentTests.HonorsIgnoreCase(System.Collections.Hashtable,System.Collections.Hashtable)" executed="True" result="Success" success="True" time="0.001" asserts="1" />
                          <test-case name="NUnit.Framework.Constraints.CollectionEquivalentTests.HonorsIgnoreCase(System.Collections.Hashtable,System.Collections.Hashtable)" executed="True" result="Success" success="True" time="0.000" asserts="1" />
                          <test-case name="NUnit.Framework.Constraints.CollectionEquivalentTests.HonorsIgnoreCase(System.Collections.Hashtable,System.Collections.Hashtable)" executed="True" result="Success" success="True" time="0.000" asserts="1" />
                          <test-case name="NUnit.Framework.Constraints.CollectionEquivalentTests.HonorsIgnoreCase(System.Collections.Hashtable,System.Collections.Hashtable)" executed="True" result="Success" success="True" time="0.000" asserts="1" />
                        </results>
                      </test-suite>
                      <test-case name="NUnit.Framework.Constraints.CollectionEquivalentTests.WorksWithArrayAndHashSet" executed="True" result="Success" success="True" time="0.001" asserts="1" />
                      <test-case name="NUnit.Framework.Constraints.CollectionEquivalentTests.WorksWithCollectionsOfArrays" executed="True" result="Success" success="True" time="0.001" asserts="2" />
                      <test-case name="NUnit.Framework.Constraints.CollectionEquivalentTests.WorksWithHashSetAndArray" executed="True" result="Success" success="True" time="0.001" asserts="1" />
                      <test-case name="NUnit.Framework.Constraints.CollectionEquivalentTests.WorksWithHashSets" executed="True" result="Success" success="True" time="0.001" asserts="1" />
                    </results>
                  </test-suite>
                  <test-suite type="TestFixture" name="CollectionOrderedTests" executed="True" result="Success" success="True" time="0.083" asserts="0">
                    <results>
                      <test-case name="NUnit.Framework.Constraints.CollectionOrderedTests.IsOrdered" executed="True" result="Success" success="True" time="0.002" asserts="1" />
                      <test-case name="NUnit.Framework.Constraints.CollectionOrderedTests.IsOrdered_2" executed="True" result="Success" success="True" time="0.001" asserts="1" />
                      <test-case name="NUnit.Framework.Constraints.CollectionOrderedTests.IsOrdered_Allows_adjacent_equal_values" executed="True" result="Success" success="True" time="0.000" asserts="1" />
                      <test-case name="NUnit.Framework.Constraints.CollectionOrderedTests.IsOrdered_AtLeastOneArgMustImplementIComparable" executed="True" result="Success" success="True" time="0.001" asserts="1" />
                      <test-case name="NUnit.Framework.Constraints.CollectionOrderedTests.IsOrdered_Fails" executed="True" result="Success" success="True" time="0.001" asserts="2" />
                      <test-case name="NUnit.Framework.Constraints.CollectionOrderedTests.IsOrdered_Handles_custom_comparison" executed="True" result="Success" success="True" time="0.001" asserts="2" />
                      <test-case name="NUnit.Framework.Constraints.CollectionOrderedTests.IsOrdered_Handles_custom_comparison2" executed="True" result="Success" success="True" time="0.001" asserts="2" />
                      <test-case name="NUnit.Framework.Constraints.CollectionOrderedTests.IsOrdered_Handles_null" executed="True" result="Success" success="True" time="0.001" asserts="1" />
                      <test-case name="NUnit.Framework.Constraints.CollectionOrderedTests.IsOrdered_TypesMustBeComparable" executed="True" result="Success" success="True" time="0.044" asserts="1" />
                      <test-case name="NUnit.Framework.Constraints.CollectionOrderedTests.IsOrderedBy" executed="True" result="Success" success="True" time="0.001" asserts="1" />
                      <test-case name="NUnit.Framework.Constraints.CollectionOrderedTests.IsOrderedBy_Comparer" executed="True" result="Success" success="True" time="0.001" asserts="1" />
                      <test-case name="NUnit.Framework.Constraints.CollectionOrderedTests.IsOrderedBy_Handles_heterogeneous_classes_as_long_as_the_property_is_of_same_type" executed="True" result="Success" success="True" time="0.001" asserts="1" />
                      <test-case name="NUnit.Framework.Constraints.CollectionOrderedTests.IsOrderedDescending" executed="True" result="Success" success="True" time="0.001" asserts="1" />
                      <test-case name="NUnit.Framework.Constraints.CollectionOrderedTests.IsOrderedDescending_2" executed="True" result="Success" success="True" time="0.001" asserts="1" />
                      <test-case name="NUnit.Framework.Constraints.CollectionOrderedTests.UsesProvidedComparerOfT" executed="True" result="Success" success="True" time="0.004" asserts="2" />
                      <test-case name="NUnit.Framework.Constraints.CollectionOrderedTests.UsesProvidedComparisonOfT" executed="True" result="Success" success="True" time="0.003" asserts="2" />
                      <test-case name="NUnit.Framework.Constraints.CollectionOrderedTests.UsesProvidedLambda" executed="True" result="Success" success="True" time="0.000" asserts="1" />
                    </results>
                  </test-suite>
                  <test-suite type="TestFixture" name="DelayedConstraintTest" executed="True" result="Success" success="True" time="9.419" asserts="0">
                    <results>
                      <test-case name="NUnit.Framework.Constraints.DelayedConstraintTest.CanTestContentsOfDelegateReturningList" executed="True" result="Success" success="True" time="0.157" asserts="1" />
                      <test-case name="NUnit.Framework.Constraints.DelayedConstraintTest.CanTestContentsOfList" executed="True" result="Success" success="True" time="0.102" asserts="1" />
                      <test-case name="NUnit.Framework.Constraints.DelayedConstraintTest.CanTestContentsOfRefList" executed="True" result="Success" success="True" time="0.105" asserts="1" />
                      <test-case name="NUnit.Framework.Constraints.DelayedConstraintTest.CanTestInitiallyNullDelegate" executed="True" result="Success" success="True" time="1.101" asserts="1" />
                      <test-case name="NUnit.Framework.Constraints.DelayedConstraintTest.CanTestInitiallyNullReference" executed="True" result="Success" success="True" time="1.101" asserts="1" />
                      <test-case name="NUnit.Framework.Constraints.DelayedConstraintTest.ConstraintTestBaseNoData.ProvidesProperDescription" executed="True" result="Success" success="True" time="0.001" asserts="1" />
                      <test-case name="NUnit.Framework.Constraints.DelayedConstraintTest.ConstraintTestBaseNoData.ProvidesProperStringRepresentation" executed="True" result="Success" success="True" time="0.000" asserts="1" />
                      <test-suite type="ParameterizedTest" name="FailsWithBadDelegates" executed="True" result="Success" success="True" time="1.003" asserts="0">
                        <results>
                          <test-case name="NUnit.Framework.Constraints.DelayedConstraintTest.FailsWithBadDelegates(NUnit.Framework.Constraints.ActualValueDelegate`1[System.Object])" executed="True" result="Success" success="True" time="0.501" asserts="1" />
                          <test-case name="NUnit.Framework.Constraints.DelayedConstraintTest.FailsWithBadDelegates(NUnit.Framework.Constraints.ActualValueDelegate`1[System.Object])" executed="True" result="Success" success="True" time="0.500" asserts="1" />
                        </results>
                      </test-suite>
                      <test-suite type="ParameterizedTest" name="FailsWithBadValues" executed="True" result="Success" success="True" time="1.503" asserts="0">
                        <results>
                          <test-case name="NUnit.Framework.Constraints.DelayedConstraintTest.FailsWithBadValues(False)" executed="True" result="Success" success="True" time="0.500" asserts="1" />
                          <test-case name="NUnit.Framework.Constraints.DelayedConstraintTest.FailsWithBadValues(0)" executed="True" result="Success" success="True" time="0.500" asserts="1" />
                          <test-case name="NUnit.Framework.Constraints.DelayedConstraintTest.FailsWithBadValues(null)" executed="True" result="Success" success="True" time="0.500" asserts="1" />
                        </results>
                      </test-suite>
                      <test-suite type="ParameterizedTest" name="ProvidesProperFailureMessage" executed="True" result="Success" success="True" time="1.503" asserts="0">
                        <results>
                          <test-case name="NUnit.Framework.Constraints.DelayedConstraintTest.ProvidesProperFailureMessage(False,&quot;False&quot;)" executed="True" result="Success" success="True" time="0.500" asserts="1" />
                          <test-case name="NUnit.Framework.Constraints.DelayedConstraintTest.ProvidesProperFailureMessage(0,&quot;0&quot;)" executed="True" result="Success" success="True" time="0.500" asserts="1" />
                          <test-case name="NUnit.Framework.Constraints.DelayedConstraintTest.ProvidesProperFailureMessage(null,&quot;null&quot;)" executed="True" result="Success" success="True" time="0.500" asserts="1" />
                        </results>
                      </test-suite>
                      <test-case name="NUnit.Framework.Constraints.DelayedConstraintTest.SimpleTest" executed="True" result="Success" success="True" time="0.602" asserts="1" />
                      <test-case name="NUnit.Framework.Constraints.DelayedConstraintTest.SimpleTestBoolDelegate" executed="True" result="Success" success="True" time="0.602" asserts="1" />
                      <test-case name="NUnit.Framework.Constraints.DelayedConstraintTest.SimpleTestUsingReference" executed="True" result="Success" success="True" time="0.603" asserts="1" />
                      <test-suite type="ParameterizedTest" name="SucceedsWithGoodDelegates" executed="True" result="Success" success="True" time="0.503" asserts="0">
                        <results>
                          <test-case name="NUnit.Framework.Constraints.DelayedConstraintTest.SucceedsWithGoodDelegates(NUnit.Framework.Constraints.ActualValueDelegate`1[System.Object])" executed="True" result="Success" success="True" time="0.501" asserts="1" />
                        </results>
                      </test-suite>
                      <test-suite type="ParameterizedTest" name="SucceedsWithGoodValues" executed="True" result="Success" success="True" time="0.501" asserts="0">
                        <results>
                          <test-case name="NUnit.Framework.Constraints.DelayedConstraintTest.SucceedsWithGoodValues(True)" executed="True" result="Success" success="True" time="0.500" asserts="1" />
                        </results>
                      </test-suite>
                      <test-case name="NUnit.Framework.Constraints.DelayedConstraintTest.ThatOverload_DoesNotAcceptNegativeDelayValues" executed="True" result="Success" success="True" time="0.001" asserts="0" />
                      <test-case name="NUnit.Framework.Constraints.DelayedConstraintTest.ThatOverload_DoesNotAcceptNegativeDelayValues_IntDelegate" executed="True" result="Success" success="True" time="0.001" asserts="0" />
                      <test-case name="NUnit.Framework.Constraints.DelayedConstraintTest.ThatOverload_ZeroDelayIsAllowed" executed="True" result="Success" success="True" time="0.001" asserts="1" />
                      <test-case name="NUnit.Framework.Constraints.DelayedConstraintTest.ThatOverload_ZeroDelayIsAllowed_IntDelegate" executed="True" result="Success" success="True" time="0.003" asserts="1" />
                    </results>
                  </test-suite>
                  <test-suite type="TestFixture" name="EmptyConstraintTest" executed="True" result="Success" success="True" time="0.021" asserts="0">
                    <results>
                      <test-case name="NUnit.Framework.Constraints.EmptyConstraintTest.ConstraintTestBaseNoData.ProvidesProperDescription" executed="True" result="Success" success="True" time="0.001" asserts="1" />
                      <test-case name="NUnit.Framework.Constraints.EmptyConstraintTest.ConstraintTestBaseNoData.ProvidesProperStringRepresentation" executed="True" result="Success" success="True" time="0.000" asserts="1" />
                      <test-suite type="ParameterizedTest" name="FailsWithBadValues" executed="True" result="Success" success="True" time="0.004" asserts="0">
                        <results>
                          <test-case name="NUnit.Framework.Constraints.EmptyConstraintTest.FailsWithBadValues(&quot;Hello&quot;)" executed="True" result="Success" success="True" time="0.001" asserts="1" />
                          <test-case name="NUnit.Framework.Constraints.EmptyConstraintTest.FailsWithBadValues(System.Object[])" executed="True" result="Success" success="True" time="0.001" asserts="1" />
                        </results>
                      </test-suite>
                      <test-suite type="ParameterizedTest" name="InvalidDataThrowsArgumentException" executed="True" result="Success" success="True" time="0.003" asserts="0">
                        <results>
                          <test-case name="NUnit.Framework.Constraints.EmptyConstraintTest.InvalidDataThrowsArgumentException(null)" executed="True" result="Success" success="True" time="0.001" asserts="0" />
                          <test-case name="NUnit.Framework.Constraints.EmptyConstraintTest.InvalidDataThrowsArgumentException(5)" executed="True" result="Success" success="True" time="0.000" asserts="0" />
                        </results>
                      </test-suite>
                      <test-suite type="ParameterizedTest" name="ProvidesProperFailureMessage" executed="True" result="Success" success="True" time="0.002" asserts="0">
                        <results>
                          <test-case name="NUnit.Framework.Constraints.EmptyConstraintTest.ProvidesProperFailureMessage(&quot;Hello&quot;,&quot;\&quot;Hello\&quot;&quot;)" executed="True" result="Success" success="True" time="0.000" asserts="1" />
                          <test-case name="NUnit.Framework.Constraints.EmptyConstraintTest.ProvidesProperFailureMessage(System.Object[],&quot;&lt; 1, 2, 3 &gt;&quot;)" executed="True" result="Success" success="True" time="0.000" asserts="1" />
                        </results>
                      </test-suite>
                      <test-suite type="ParameterizedTest" name="SucceedsWithGoodValues" executed="True" result="Success" success="True" time="0.003" asserts="0">
                        <results>
                          <test-case name="NUnit.Framework.Constraints.EmptyConstraintTest.SucceedsWithGoodValues(&quot;&quot;)" executed="True" result="Success" success="True" time="0.000" asserts="1" />
                          <test-case name="NUnit.Framework.Constraints.EmptyConstraintTest.SucceedsWithGoodValues(System.Object[])" executed="True" result="Success" success="True" time="0.000" asserts="1" />
                          <test-case name="NUnit.Framework.Constraints.EmptyConstraintTest.SucceedsWithGoodValues(System.Collections.ArrayList)" executed="True" result="Success" success="True" time="0.000" asserts="1" />
                          <test-case name="NUnit.Framework.Constraints.EmptyConstraintTest.SucceedsWithGoodValues(System.Collections.Generic.List`1[System.Int32])" executed="True" result="Success" success="True" time="0.000" asserts="1" />
                        </results>
                      </test-suite>
                    </results>
                  </test-suite>
                  <test-suite type="TestFixture" name="EndsWithTest" executed="True" result="Success" success="True" time="0.019" asserts="0">
                    <results>
                      <test-case name="NUnit.Framework.Constraints.EndsWithTest.ConstraintTestBaseNoData.ProvidesProperDescription" executed="True" result="Success" success="True" time="0.001" asserts="1" />
                      <test-case name="NUnit.Framework.Constraints.EndsWithTest.ConstraintTestBaseNoData.ProvidesProperStringRepresentation" executed="True" result="Success" success="True" time="0.000" asserts="1" />
                      <test-suite type="ParameterizedTest" name="FailsWithBadValues" executed="True" result="Success" success="True" time="0.006" asserts="0">
                        <results>
                          <test-case name="NUnit.Framework.Constraints.EndsWithTest.FailsWithBadValues(&quot;goodbye&quot;)" executed="True" result="Success" success="True" time="0.000" asserts="1" />
                          <test-case name="NUnit.Framework.Constraints.EndsWithTest.FailsWithBadValues(&quot;What the hell?&quot;)" executed="True" result="Success" success="True" time="0.000" asserts="1" />
                          <test-case name="NUnit.Framework.Constraints.EndsWithTest.FailsWithBadValues(&quot;hello there&quot;)" executed="True" result="Success" success="True" time="0.000" asserts="1" />
                          <test-case name="NUnit.Framework.Constraints.EndsWithTest.FailsWithBadValues(&quot;say hello to fred&quot;)" executed="True" result="Success" success="True" time="0.000" asserts="1" />
                          <test-case name="NUnit.Framework.Constraints.EndsWithTest.FailsWithBadValues(&quot;&quot;)" executed="True" result="Success" success="True" time="0.000" asserts="1" />
                          <test-case name="NUnit.Framework.Constraints.EndsWithTest.FailsWithBadValues(null)" executed="True" result="Success" success="True" time="0.000" asserts="1" />
                        </results>
                      </test-suite>
                      <test-suite type="ParameterizedTest" name="ProvidesProperFailureMessage" executed="True" result="Success" success="True" time="0.006" asserts="0">
                        <results>
                          <test-case name="NUnit.Framework.Constraints.EndsWithTest.ProvidesProperFailureMessage(&quot;goodbye&quot;,&quot;\&quot;goodbye\&quot;&quot;)" executed="True" result="Success" success="True" time="0.000" asserts="1" />
                          <test-case name="NUnit.Framework.Constraints.EndsWithTest.ProvidesProperFailureMessage(&quot;What the hell?&quot;,&quot;\&quot;What the hell?\&quot;&quot;)" executed="True" result="Success" success="True" time="0.000" asserts="1" />
                          <test-case name="NUnit.Framework.Constraints.EndsWithTest.ProvidesProperFailureMessage(&quot;hello there&quot;,&quot;\&quot;hello there\&quot;&quot;)" executed="True" result="Success" success="True" time="0.000" asserts="1" />
                          <test-case name="NUnit.Framework.Constraints.EndsWithTest.ProvidesProperFailureMessage(&quot;say hello to fred&quot;,&quot;\&quot;say hello to fred\&quot;&quot;)" executed="True" result="Success" success="True" time="0.000" asserts="1" />
                          <test-case name="NUnit.Framework.Constraints.EndsWithTest.ProvidesProperFailureMessage(&quot;&quot;,&quot;&lt;string.Empty&gt;&quot;)" executed="True" result="Success" success="True" time="0.000" asserts="1" />
                          <test-case name="NUnit.Framework.Constraints.EndsWithTest.ProvidesProperFailureMessage(null,&quot;null&quot;)" executed="True" result="Success" success="True" time="0.000" asserts="1" />
                        </results>
                      </test-suite>
                      <test-suite type="ParameterizedTest" name="SucceedsWithGoodValues" executed="True" result="Success" success="True" time="0.002" asserts="0">
                        <results>
                          <test-case name="NUnit.Framework.Constraints.EndsWithTest.SucceedsWithGoodValues(&quot;hello&quot;)" executed="True" result="Success" success="True" time="0.000" asserts="1" />
                          <test-case name="NUnit.Framework.Constraints.EndsWithTest.SucceedsWithGoodValues(&quot;I said hello&quot;)" executed="True" result="Success" success="True" time="0.000" asserts="1" />
                        </results>
                      </test-suite>
                    </results>
                  </test-suite>
                  <test-suite type="TestFixture" name="EndsWithTestIgnoringCase" executed="True" result="Success" success="True" time="0.018" asserts="0">
                    <results>
                      <test-case name="NUnit.Framework.Constraints.EndsWithTestIgnoringCase.ConstraintTestBaseNoData.ProvidesProperDescription" executed="True" result="Success" success="True" time="0.001" asserts="1" />
                      <test-case name="NUnit.Framework.Constraints.EndsWithTestIgnoringCase.ConstraintTestBaseNoData.ProvidesProperStringRepresentation" executed="True" result="Success" success="True" time="0.000" asserts="1" />
                      <test-suite type="ParameterizedTest" name="FailsWithBadValues" executed="True" result="Success" success="True" time="0.006" asserts="0">
                        <results>
                          <test-case name="NUnit.Framework.Constraints.EndsWithTestIgnoringCase.FailsWithBadValues(&quot;goodbye&quot;)" executed="True" result="Success" success="True" time="0.000" asserts="1" />
                          <test-case name="NUnit.Framework.Constraints.EndsWithTestIgnoringCase.FailsWithBadValues(&quot;What the hell?&quot;)" executed="True" result="Success" success="True" time="0.000" asserts="1" />
                          <test-case name="NUnit.Framework.Constraints.EndsWithTestIgnoringCase.FailsWithBadValues(&quot;hello there&quot;)" executed="True" result="Success" success="True" time="0.001" asserts="1" />
                          <test-case name="NUnit.Framework.Constraints.EndsWithTestIgnoringCase.FailsWithBadValues(&quot;say hello to fred&quot;)" executed="True" result="Success" success="True" time="0.000" asserts="1" />
                          <test-case name="NUnit.Framework.Constraints.EndsWithTestIgnoringCase.FailsWithBadValues(&quot;&quot;)" executed="True" result="Success" success="True" time="0.000" asserts="1" />
                          <test-case name="NUnit.Framework.Constraints.EndsWithTestIgnoringCase.FailsWithBadValues(null)" executed="True" result="Success" success="True" time="0.000" asserts="1" />
                        </results>
                      </test-suite>
                      <test-suite type="ParameterizedTest" name="ProvidesProperFailureMessage" executed="True" result="Success" success="True" time="0.005" asserts="0">
                        <results>
                          <test-case name="NUnit.Framework.Constraints.EndsWithTestIgnoringCase.ProvidesProperFailureMessage(&quot;goodbye&quot;,&quot;\&quot;goodbye\&quot;&quot;)" executed="True" result="Success" success="True" time="0.000" asserts="1" />
                          <test-case name="NUnit.Framework.Constraints.EndsWithTestIgnoringCase.ProvidesProperFailureMessage(&quot;What the hell?&quot;,&quot;\&quot;What the hell?\&quot;&quot;)" executed="True" result="Success" success="True" time="0.000" asserts="1" />
                          <test-case name="NUnit.Framework.Constraints.EndsWithTestIgnoringCase.ProvidesProperFailureMessage(&quot;hello there&quot;,&quot;\&quot;hello there\&quot;&quot;)" executed="True" result="Success" success="True" time="0.000" asserts="1" />
                          <test-case name="NUnit.Framework.Constraints.EndsWithTestIgnoringCase.ProvidesProperFailureMessage(&quot;say hello to fred&quot;,&quot;\&quot;say hello to fred\&quot;&quot;)" executed="True" result="Success" success="True" time="0.000" asserts="1" />
                          <test-case name="NUnit.Framework.Constraints.EndsWithTestIgnoringCase.ProvidesProperFailureMessage(&quot;&quot;,&quot;&lt;string.Empty&gt;&quot;)" executed="True" result="Success" success="True" time="0.000" asserts="1" />
                          <test-case name="NUnit.Framework.Constraints.EndsWithTestIgnoringCase.ProvidesProperFailureMessage(null,&quot;null&quot;)" executed="True" result="Success" success="True" time="0.000" asserts="1" />
                        </results>
                      </test-suite>
                      <test-suite type="ParameterizedTest" name="SucceedsWithGoodValues" executed="True" result="Success" success="True" time="0.002" asserts="0">
                        <results>
                          <test-case name="NUnit.Framework.Constraints.EndsWithTestIgnoringCase.SucceedsWithGoodValues(&quot;HELLO&quot;)" executed="True" result="Success" success="True" time="0.000" asserts="1" />
                          <test-case name="NUnit.Framework.Constraints.EndsWithTestIgnoringCase.SucceedsWithGoodValues(&quot;I said Hello&quot;)" executed="True" result="Success" success="True" time="0.000" asserts="1" />
                        </results>
                      </test-suite>
                    </results>
                  </test-suite>
                  <test-suite type="TestFixture" name="EqualConstraintTests" executed="True" result="Success" success="True" time="0.247" asserts="0">
                    <results>
                      <test-case name="NUnit.Framework.Constraints.EqualConstraintTests.CanMatchDates" executed="True" result="Success" success="True" time="0.049" asserts="1" />
                      <test-case name="NUnit.Framework.Constraints.EqualConstraintTests.CanMatchDatesWithinDays" executed="True" result="Success" success="True" time="0.002" asserts="1" />
                      <test-case name="NUnit.Framework.Constraints.EqualConstraintTests.CanMatchDatesWithinHours" executed="True" result="Success" success="True" time="0.001" asserts="1" />
                      <test-case name="NUnit.Framework.Constraints.EqualConstraintTests.CanMatchDatesWithinMilliseconds" executed="True" result="Success" success="True" time="0.001" asserts="1" />
                      <test-case name="NUnit.Framework.Constraints.EqualConstraintTests.CanMatchDatesWithinMinutes" executed="True" result="Success" success="True" time="0.001" asserts="1" />
                      <test-case name="NUnit.Framework.Constraints.EqualConstraintTests.CanMatchDatesWithinSeconds" executed="True" result="Success" success="True" time="0.001" asserts="1" />
                      <test-case name="NUnit.Framework.Constraints.EqualConstraintTests.CanMatchDatesWithinTicks" executed="True" result="Success" success="True" time="0.001" asserts="1" />
                      <test-case name="NUnit.Framework.Constraints.EqualConstraintTests.CanMatchDatesWithinTimeSpan" executed="True" result="Success" success="True" time="0.001" asserts="1" />
                      <test-case name="NUnit.Framework.Constraints.EqualConstraintTests.CanMatchDictionaries_DifferentOrder" executed="True" result="Success" success="True" time="0.016" asserts="1" />
                      <test-case name="NUnit.Framework.Constraints.EqualConstraintTests.CanMatchDictionaries_Failure" executed="True" result="Success" success="True" time="0.005" asserts="1" />
                      <test-case name="NUnit.Framework.Constraints.EqualConstraintTests.CanMatchDictionaries_SameOrder" executed="True" result="Success" success="True" time="0.001" asserts="1" />
                      <test-suite type="ParameterizedTest" name="CanMatchDoublesWithRelativeTolerance" executed="True" result="Success" success="True" time="0.007" asserts="0">
                        <results>
                          <test-case name="NUnit.Framework.Constraints.EqualConstraintTests.CanMatchDoublesWithRelativeTolerance(10000.0d)" executed="True" result="Success" success="True" time="0.002" asserts="1" />
                          <test-case name="NUnit.Framework.Constraints.EqualConstraintTests.CanMatchDoublesWithRelativeTolerance(9500.0d)" executed="True" result="Success" success="True" time="0.000" asserts="1" />
                          <test-case name="NUnit.Framework.Constraints.EqualConstraintTests.CanMatchDoublesWithRelativeTolerance(10500.0d)" executed="True" result="Success" success="True" time="0.000" asserts="1" />
                        </results>
                      </test-suite>
                      <test-suite type="ParameterizedTest" name="CanMatchDoublesWithUlpTolerance" executed="True" result="Success" success="True" time="0.004" asserts="0">
                        <results>
                          <test-case name="NUnit.Framework.Constraints.EqualConstraintTests.CanMatchDoublesWithUlpTolerance(2E+16.0d)" executed="True" result="Success" success="True" time="0.002" asserts="1" />
                          <test-case name="NUnit.Framework.Constraints.EqualConstraintTests.CanMatchDoublesWithUlpTolerance(2E+16.0d)" executed="True" result="Success" success="True" time="0.000" asserts="1" />
                        </results>
                      </test-suite>
                      <test-case name="NUnit.Framework.Constraints.EqualConstraintTests.CanMatchHashtables_DifferentOrder" executed="True" result="Success" success="True" time="0.001" asserts="1" />
                      <test-case name="NUnit.Framework.Constraints.EqualConstraintTests.CanMatchHashtables_Failure" executed="True" result="Success" success="True" time="0.001" asserts="1" />
                      <test-case name="NUnit.Framework.Constraints.EqualConstraintTests.CanMatchHashtables_SameOrder" executed="True" result="Success" success="True" time="0.001" asserts="1" />
                      <test-case name="NUnit.Framework.Constraints.EqualConstraintTests.CanMatchHashtableWithDictionary" executed="True" result="Success" success="True" time="0.001" asserts="1" />
                      <test-suite type="ParameterizedTest" name="CanMatchSinglesWithRelativeTolerance" executed="True" result="Success" success="True" time="0.005" asserts="0">
                        <results>
                          <test-case name="NUnit.Framework.Constraints.EqualConstraintTests.CanMatchSinglesWithRelativeTolerance(10500.0f)" executed="True" result="Success" success="True" time="0.001" asserts="1" />
                          <test-case name="NUnit.Framework.Constraints.EqualConstraintTests.CanMatchSinglesWithRelativeTolerance(9500.0f)" executed="True" result="Success" success="True" time="0.000" asserts="1" />
                          <test-case name="NUnit.Framework.Constraints.EqualConstraintTests.CanMatchSinglesWithRelativeTolerance(10000.0f)" executed="True" result="Success" success="True" time="0.000" asserts="1" />
                        </results>
                      </test-suite>
                      <test-suite type="ParameterizedTest" name="CanMatchSinglesWithUlpTolerance" executed="True" result="Success" success="True" time="0.003" asserts="0">
                        <results>
                          <test-case name="NUnit.Framework.Constraints.EqualConstraintTests.CanMatchSinglesWithUlpTolerance(2E+07.0f)" executed="True" result="Success" success="True" time="0.001" asserts="1" />
                          <test-case name="NUnit.Framework.Constraints.EqualConstraintTests.CanMatchSinglesWithUlpTolerance(2E+07.0f)" executed="True" result="Success" success="True" time="0.000" asserts="1" />
                        </results>
                      </test-suite>
                      <test-suite type="ParameterizedTest" name="CanMatchSpecialFloatingPointValues" executed="True" result="Success" success="True" time="0.007" asserts="0">
                        <results>
                          <test-case name="NUnit.Framework.Constraints.EqualConstraintTests.CanMatchSpecialFloatingPointValues(double.NegativeInfinity)" executed="True" result="Success" success="True" time="0.000" asserts="1" />
                          <test-case name="NUnit.Framework.Constraints.EqualConstraintTests.CanMatchSpecialFloatingPointValues(double.PositiveInfinity)" executed="True" result="Success" success="True" time="0.000" asserts="1" />
                          <test-case name="NUnit.Framework.Constraints.EqualConstraintTests.CanMatchSpecialFloatingPointValues(float.NaN)" executed="True" result="Success" success="True" time="0.000" asserts="1" />
                          <test-case name="NUnit.Framework.Constraints.EqualConstraintTests.CanMatchSpecialFloatingPointValues(float.PositiveInfinity)" executed="True" result="Success" success="True" time="0.000" asserts="1" />
                          <test-case name="NUnit.Framework.Constraints.EqualConstraintTests.CanMatchSpecialFloatingPointValues(float.NegativeInfinity)" executed="True" result="Success" success="True" time="0.000" asserts="1" />
                          <test-case name="NUnit.Framework.Constraints.EqualConstraintTests.CanMatchSpecialFloatingPointValues(double.NaN)" executed="True" result="Success" success="True" time="0.000" asserts="1" />
                        </results>
                      </test-suite>
                      <test-case name="NUnit.Framework.Constraints.EqualConstraintTests.CanMatchTimeSpanWithinMinutes" executed="True" result="Success" success="True" time="0.001" asserts="1" />
                      <test-case name="NUnit.Framework.Constraints.EqualConstraintTests.CanMatchUsingIsEqualToWithinTimeSpan" executed="True" result="Success" success="True" time="0.000" asserts="1" />
                      <test-case name="NUnit.Framework.Constraints.EqualConstraintTests.ConstraintTestBaseNoData.ProvidesProperDescription" executed="True" result="Success" success="True" time="0.000" asserts="1" />
                      <test-case name="NUnit.Framework.Constraints.EqualConstraintTests.ConstraintTestBaseNoData.ProvidesProperStringRepresentation" executed="True" result="Success" success="True" time="0.000" asserts="1" />
                      <test-case name="NUnit.Framework.Constraints.EqualConstraintTests.ErrorIfDaysPrecedesWithin" executed="True" result="Success" success="True" time="0.001" asserts="0" />
                      <test-case name="NUnit.Framework.Constraints.EqualConstraintTests.ErrorIfHoursPrecedesWithin" executed="True" result="Success" success="True" time="0.001" asserts="0" />
                      <test-case name="NUnit.Framework.Constraints.EqualConstraintTests.ErrorIfMillisecondsPrecedesWithin" executed="True" result="Success" success="True" time="0.001" asserts="0" />
                      <test-case name="NUnit.Framework.Constraints.EqualConstraintTests.ErrorIfMinutesPrecedesWithin" executed="True" result="Success" success="True" time="0.001" asserts="0" />
                      <test-case name="NUnit.Framework.Constraints.EqualConstraintTests.ErrorIfPercentPrecedesWithin" executed="True" result="Success" success="True" time="0.001" asserts="0" />
                      <test-case name="NUnit.Framework.Constraints.EqualConstraintTests.ErrorIfSecondsPrecedesWithin" executed="True" result="Success" success="True" time="0.001" asserts="0" />
                      <test-case name="NUnit.Framework.Constraints.EqualConstraintTests.ErrorIfTicksPrecedesWithin" executed="True" result="Success" success="True" time="0.001" asserts="0" />
                      <test-case name="NUnit.Framework.Constraints.EqualConstraintTests.ErrorIfUlpsIsUsedOnDecimal" executed="True" result="Success" success="True" time="0.001" asserts="1" />
                      <test-suite type="ParameterizedTest" name="ErrorIfUlpsIsUsedOnIntegralType" executed="True" result="Success" success="True" time="0.007" asserts="0">
                        <results>
                          <test-case name="NUnit.Framework.Constraints.EqualConstraintTests.ErrorIfUlpsIsUsedOnIntegralType(1000,1010)" executed="True" result="Success" success="True" time="0.001" asserts="1" />
                          <test-case name="NUnit.Framework.Constraints.EqualConstraintTests.ErrorIfUlpsIsUsedOnIntegralType(1000UL,1010UL)" executed="True" result="Success" success="True" time="0.001" asserts="1" />
                          <test-case name="NUnit.Framework.Constraints.EqualConstraintTests.ErrorIfUlpsIsUsedOnIntegralType(1000,1010)" executed="True" result="Success" success="True" time="0.000" asserts="1" />
                          <test-case name="NUnit.Framework.Constraints.EqualConstraintTests.ErrorIfUlpsIsUsedOnIntegralType(1000L,1010L)" executed="True" result="Success" success="True" time="0.001" asserts="1" />
                        </results>
                      </test-suite>
                      <test-case name="NUnit.Framework.Constraints.EqualConstraintTests.ErrorIfUlpsPrecedesWithin" executed="True" result="Success" success="True" time="0.001" asserts="0" />
                      <test-case name="NUnit.Framework.Constraints.EqualConstraintTests.ErrorWithPercentAndUlpsToleranceModes" executed="True" result="Success" success="True" time="0.001" asserts="0" />
                      <test-case name="NUnit.Framework.Constraints.EqualConstraintTests.ErrorWithUlpsAndPercentToleranceModes" executed="True" result="Success" success="True" time="0.001" asserts="0" />
                      <test-suite type="ParameterizedTest" name="FailsOnDoublesOutsideOfRelativeTolerance" executed="True" result="Success" success="True" time="0.005" asserts="0">
                        <results>
                          <test-case name="NUnit.Framework.Constraints.EqualConstraintTests.FailsOnDoublesOutsideOfRelativeTolerance(8500.0d)" executed="True" result="Success" success="True" time="0.002" asserts="1" />
                          <test-case name="NUnit.Framework.Constraints.EqualConstraintTests.FailsOnDoublesOutsideOfRelativeTolerance(11500.0d)" executed="True" result="Success" success="True" time="0.001" asserts="1" />
                        </results>
                      </test-suite>
                      <test-suite type="ParameterizedTest" name="FailsOnDoublesOutsideOfUlpTolerance" executed="True" result="Success" success="True" time="0.003" asserts="0">
                        <results>
                          <test-case name="NUnit.Framework.Constraints.EqualConstraintTests.FailsOnDoublesOutsideOfUlpTolerance(2E+16.0d)" executed="True" result="Success" success="True" time="0.001" asserts="1" />
                          <test-case name="NUnit.Framework.Constraints.EqualConstraintTests.FailsOnDoublesOutsideOfUlpTolerance(2E+16.0d)" executed="True" result="Success" success="True" time="0.001" asserts="1" />
                        </results>
                      </test-suite>
                      <test-suite type="ParameterizedTest" name="FailsOnSinglesOutsideOfRelativeTolerance" executed="True" result="Success" success="True" time="0.004" asserts="0">
                        <results>
                          <test-case name="NUnit.Framework.Constraints.EqualConstraintTests.FailsOnSinglesOutsideOfRelativeTolerance(8500.0f)" executed="True" result="Success" success="True" time="0.001" asserts="1" />
                          <test-case name="NUnit.Framework.Constraints.EqualConstraintTests.FailsOnSinglesOutsideOfRelativeTolerance(11500.0f)" executed="True" result="Success" success="True" time="0.001" asserts="1" />
                        </results>
                      </test-suite>
                      <test-suite type="ParameterizedTest" name="FailsOnSinglesOutsideOfUlpTolerance" executed="True" result="Success" success="True" time="0.004" asserts="0">
                        <results>
                          <test-case name="NUnit.Framework.Constraints.EqualConstraintTests.FailsOnSinglesOutsideOfUlpTolerance(2E+07.0f)" executed="True" result="Success" success="True" time="0.001" asserts="1" />
                          <test-case name="NUnit.Framework.Constraints.EqualConstraintTests.FailsOnSinglesOutsideOfUlpTolerance(2E+07.0f)" executed="True" result="Success" success="True" time="0.001" asserts="1" />
                        </results>
                      </test-suite>
                      <test-suite type="ParameterizedTest" name="FailsWithBadValues" executed="True" result="Success" success="True" time="0.007" asserts="0">
                        <results>
                          <test-case name="NUnit.Framework.Constraints.EqualConstraintTests.FailsWithBadValues(5)" executed="True" result="Success" success="True" time="0.000" asserts="1" />
                          <test-case name="NUnit.Framework.Constraints.EqualConstraintTests.FailsWithBadValues(null)" executed="True" result="Success" success="True" time="0.000" asserts="1" />
                          <test-case name="NUnit.Framework.Constraints.EqualConstraintTests.FailsWithBadValues(&quot;Hello&quot;)" executed="True" result="Success" success="True" time="0.000" asserts="1" />
                          <test-case name="NUnit.Framework.Constraints.EqualConstraintTests.FailsWithBadValues(double.NaN)" executed="True" result="Success" success="True" time="0.000" asserts="1" />
                          <test-case name="NUnit.Framework.Constraints.EqualConstraintTests.FailsWithBadValues(double.PositiveInfinity)" executed="True" result="Success" success="True" time="0.000" asserts="1" />
                        </results>
                      </test-suite>
                      <test-suite type="ParameterizedTest" name="ProvidesProperFailureMessage" executed="True" result="Success" success="True" time="0.006" asserts="0">
                        <results>
                          <test-case name="NUnit.Framework.Constraints.EqualConstraintTests.ProvidesProperFailureMessage(5,&quot;5&quot;)" executed="True" result="Success" success="True" time="0.000" asserts="1" />
                          <test-case name="NUnit.Framework.Constraints.EqualConstraintTests.ProvidesProperFailureMessage(null,&quot;null&quot;)" executed="True" result="Success" success="True" time="0.000" asserts="1" />
                          <test-case name="NUnit.Framework.Constraints.EqualConstraintTests.ProvidesProperFailureMessage(&quot;Hello&quot;,&quot;\&quot;Hello\&quot;&quot;)" executed="True" result="Success" success="True" time="0.000" asserts="1" />
                          <test-case name="NUnit.Framework.Constraints.EqualConstraintTests.ProvidesProperFailureMessage(double.NaN,&quot;NaN&quot;)" executed="True" result="Success" success="True" time="0.000" asserts="1" />
                          <test-case name="NUnit.Framework.Constraints.EqualConstraintTests.ProvidesProperFailureMessage(double.PositiveInfinity,&quot;Infinity&quot;)" executed="True" result="Success" success="True" time="0.000" asserts="1" />
                        </results>
                      </test-suite>
                      <test-suite type="ParameterizedTest" name="SucceedsWithGoodValues" executed="True" result="Success" success="True" time="0.006" asserts="0">
                        <results>
                          <test-case name="NUnit.Framework.Constraints.EqualConstraintTests.SucceedsWithGoodValues(4)" executed="True" result="Success" success="True" time="0.000" asserts="1" />
                          <test-case name="NUnit.Framework.Constraints.EqualConstraintTests.SucceedsWithGoodValues(4.0f)" executed="True" result="Success" success="True" time="0.000" asserts="1" />
                          <test-case name="NUnit.Framework.Constraints.EqualConstraintTests.SucceedsWithGoodValues(4.0d)" executed="True" result="Success" success="True" time="0.000" asserts="1" />
                          <test-case name="NUnit.Framework.Constraints.EqualConstraintTests.SucceedsWithGoodValues(4.0000m)" executed="True" result="Success" success="True" time="0.001" asserts="1" />
                        </results>
                      </test-suite>
                      <test-case name="NUnit.Framework.Constraints.EqualConstraintTests.UsesProvidedArrayComparer" executed="True" result="Success" success="True" time="0.002" asserts="1" />
                      <test-case name="NUnit.Framework.Constraints.EqualConstraintTests.UsesProvidedComparerOfT" executed="True" result="Success" success="True" time="0.004" asserts="2" />
                      <test-case name="NUnit.Framework.Constraints.EqualConstraintTests.UsesProvidedComparisonOfT" executed="True" result="Success" success="True" time="0.003" asserts="2" />
                      <test-case name="NUnit.Framework.Constraints.EqualConstraintTests.UsesProvidedEqualityComparer" executed="True" result="Success" success="True" time="0.001" asserts="2" />
                      <test-case name="NUnit.Framework.Constraints.EqualConstraintTests.UsesProvidedEqualityComparerOfT" executed="True" result="Success" success="True" time="0.003" asserts="2" />
                      <test-case name="NUnit.Framework.Constraints.EqualConstraintTests.UsesProvidedIComparer" executed="True" result="Success" success="True" time="0.001" asserts="2" />
                      <test-case name="NUnit.Framework.Constraints.EqualConstraintTests.UsesProvidedLambda_IntArgs" executed="True" result="Success" success="True" time="0.001" asserts="1" />
                      <test-case name="NUnit.Framework.Constraints.EqualConstraintTests.UsesProvidedLambda_StringArgs" executed="True" result="Success" success="True" time="0.001" asserts="1" />
                      <test-case name="NUnit.Framework.Constraints.EqualConstraintTests.UsesProvidedListComparer" executed="True" result="Success" success="True" time="0.003" asserts="1" />
                    </results>
                  </test-suite>
                  <test-suite type="TestFixture" name="EqualConstraintTests+DateTimeOffSetEquality" executed="True" result="Success" success="True" time="0.016" asserts="0">
                    <results>
                      <test-case name="NUnit.Framework.Constraints.EqualConstraintTests+DateTimeOffSetEquality.CanMatchDates" executed="True" result="Success" success="True" time="0.001" asserts="1" />
                      <test-case name="NUnit.Framework.Constraints.EqualConstraintTests+DateTimeOffSetEquality.CanMatchDatesWithinDays" executed="True" result="Success" success="True" time="0.001" asserts="1" />
                      <test-case name="NUnit.Framework.Constraints.EqualConstraintTests+DateTimeOffSetEquality.CanMatchDatesWithinMilliseconds" executed="True" result="Success" success="True" time="0.001" asserts="1" />
                      <test-case name="NUnit.Framework.Constraints.EqualConstraintTests+DateTimeOffSetEquality.CanMatchDatesWithinMinutes" executed="True" result="Success" success="True" time="0.001" asserts="1" />
                      <test-case name="NUnit.Framework.Constraints.EqualConstraintTests+DateTimeOffSetEquality.CanMatchDatesWithinSeconds" executed="True" result="Success" success="True" time="0.001" asserts="1" />
                      <test-case name="NUnit.Framework.Constraints.EqualConstraintTests+DateTimeOffSetEquality.CanMatchDatesWithinTicks" executed="True" result="Success" success="True" time="0.001" asserts="1" />
                      <test-case name="NUnit.Framework.Constraints.EqualConstraintTests+DateTimeOffSetEquality.CanMatchDatesWithinTimeSpan" executed="True" result="Success" success="True" time="0.000" asserts="1" />
                      <test-case name="NUnit.Framework.Constraints.EqualConstraintTests+DateTimeOffSetEquality.CanMatchUsingIsEqualToWithinTimeSpan" executed="True" result="Success" success="True" time="0.000" asserts="1" />
                      <test-case name="NUnit.Framework.Constraints.EqualConstraintTests+DateTimeOffSetEquality.DTimeOffsetCanMatchDatesWithinHours" executed="True" result="Success" success="True" time="0.001" asserts="1" />
                    </results>
                  </test-suite>
                  <test-suite type="TestFixture" name="EqualityComparerTests" executed="True" result="Success" success="True" time="0.012" asserts="0">
                    <results>
                      <test-case name="NUnit.Framework.Constraints.EqualityComparerTests.CanCompareArrayContainingSelfToSelf" executed="True" result="Success" success="True" time="0.001" asserts="1" />
                      <test-case name="NUnit.Framework.Constraints.EqualityComparerTests.CrossReferencingRecursiveEnumerablesAreNotEqual" executed="True" result="Success" success="True" time="0.000" asserts="1" />
                      <test-case name="NUnit.Framework.Constraints.EqualityComparerTests.IEquatableDifferentTypesSuccess_WhenActualImplementsIEquatable" executed="True" result="Success" success="True" time="0.001" asserts="1" />
                      <test-case name="NUnit.Framework.Constraints.EqualityComparerTests.IEquatableDifferentTypesSuccess_WhenExpectedImplementsIEquatable" executed="True" result="Success" success="True" time="0.000" asserts="1" />
                      <test-case name="NUnit.Framework.Constraints.EqualityComparerTests.IEquatableHasPrecedenceOverDefaultEquals" executed="True" result="Success" success="True" time="0.000" asserts="1" />
                      <test-case name="NUnit.Framework.Constraints.EqualityComparerTests.IEquatableSuccess" executed="True" result="Success" success="True" time="0.001" asserts="1" />
                      <test-case name="NUnit.Framework.Constraints.EqualityComparerTests.RecursionCheckDoesNotRelyOnValueEquality" executed="True" result="Success" success="True" time="0.002" asserts="1" />
                      <test-case name="NUnit.Framework.Constraints.EqualityComparerTests.ReferenceEqualityHasPrecedenceOverIEquatable" executed="True" result="Success" success="True" time="0.000" asserts="1" />
                      <test-case name="NUnit.Framework.Constraints.EqualityComparerTests.SelfContainingRecursiveEnumerablesAreNotEqual" executed="True" result="Success" success="True" time="0.000" asserts="1" />
                    </results>
                  </test-suite>
                  <test-suite type="TestFixture" name="EqualTest" executed="True" result="Success" success="True" time="0.008" asserts="0">
                    <results>
                      <test-case name="NUnit.Framework.Constraints.EqualTest.FailedStringMatchShowsFailurePosition" executed="True" result="Success" success="True" time="0.003" asserts="2" />
                      <test-case name="NUnit.Framework.Constraints.EqualTest.LongStringsAreTruncated" executed="True" result="Success" success="True" time="0.001" asserts="2" />
                      <test-case name="NUnit.Framework.Constraints.EqualTest.LongStringsAreTruncatedAtBothEndsIfNecessary" executed="True" result="Success" success="True" time="0.000" asserts="2" />
                      <test-case name="NUnit.Framework.Constraints.EqualTest.LongStringsAreTruncatedAtFrontEndIfNecessary" executed="True" result="Success" success="True" time="0.000" asserts="2" />
                      <test-case name="NUnit.Framework.Constraints.EqualTest.TestPropertyWithPrivateSetter" executed="True" result="Success" success="True" time="0.000" asserts="1" />
                    </results>
                  </test-suite>
                  <test-suite type="TestFixture" name="ExactCountConstraintTests" executed="True" result="Success" success="True" time="0.007" asserts="0">
                    <results>
                      <test-case name="NUnit.Framework.Constraints.ExactCountConstraintTests.ExactlyOneItemMatches" executed="True" result="Success" success="True" time="0.001" asserts="2" />
                      <test-case name="NUnit.Framework.Constraints.ExactCountConstraintTests.ExactlyOneItemMatchFails" executed="True" result="Success" success="True" time="0.001" asserts="2" />
                      <test-case name="NUnit.Framework.Constraints.ExactCountConstraintTests.ExactlyTwoItemsMatch" executed="True" result="Success" success="True" time="0.000" asserts="2" />
                      <test-case name="NUnit.Framework.Constraints.ExactCountConstraintTests.ExactlyTwoItemsMatchFails" executed="True" result="Success" success="True" time="0.000" asserts="2" />
                      <test-case name="NUnit.Framework.Constraints.ExactCountConstraintTests.ZeroItemsMatch" executed="True" result="Success" success="True" time="0.000" asserts="2" />
                      <test-case name="NUnit.Framework.Constraints.ExactCountConstraintTests.ZeroItemsMatchFails" executed="True" result="Success" success="True" time="0.001" asserts="2" />
                    </results>
                  </test-suite>
                  <test-suite type="TestFixture" name="ExactTypeConstraintTests" executed="True" result="Success" success="True" time="0.007" asserts="0">
                    <results>
                      <test-case name="NUnit.Framework.Constraints.ExactTypeConstraintTests.ConstraintTestBaseNoData.ProvidesProperDescription" executed="True" result="Success" success="True" time="0.001" asserts="1" />
                      <test-case name="NUnit.Framework.Constraints.ExactTypeConstraintTests.ConstraintTestBaseNoData.ProvidesProperStringRepresentation" executed="True" result="Success" success="True" time="0.000" asserts="1" />
                      <test-suite type="ParameterizedTest" name="FailsWithBadValues" executed="True" result="Success" success="True" time="0.001" asserts="0">
                        <results>
                          <test-case name="NUnit.Framework.Constraints.ExactTypeConstraintTests.FailsWithBadValues(NUnit.Framework.Constraints.ExactTypeConstraintTests+B)" executed="True" result="Success" success="True" time="0.000" asserts="1" />
                          <test-case name="NUnit.Framework.Constraints.ExactTypeConstraintTests.FailsWithBadValues(NUnit.Framework.Constraints.ExactTypeConstraintTests+D2)" executed="True" result="Success" success="True" time="0.000" asserts="1" />
                        </results>
                      </test-suite>
                      <test-suite type="ParameterizedTest" name="ProvidesProperFailureMessage" executed="True" result="Success" success="True" time="0.001" asserts="0">
                        <results>
                          <test-case name="NUnit.Framework.Constraints.ExactTypeConstraintTests.ProvidesProperFailureMessage(NUnit.Framework.Constraints.ExactTypeConstraintTests+B,&quot;&lt;NUnit.Framework.Constraints.ExactTypeConstraintTests+B&gt;&quot;)" executed="True" result="Success" success="True" time="0.000" asserts="1" />
                          <test-case name="NUnit.Framework.Constraints.ExactTypeConstraintTests.ProvidesProperFailureMessage(NUnit.Framework.Constraints.ExactTypeConstraintTests+D2,&quot;&lt;NUnit.Framework.Constraints.ExactTypeConstraintTests+D2&gt;&quot;)" executed="True" result="Success" success="True" time="0.000" asserts="1" />
                        </results>
                      </test-suite>
                      <test-suite type="ParameterizedTest" name="SucceedsWithGoodValues" executed="True" result="Success" success="True" time="0.000" asserts="0">
                        <results>
                          <test-case name="NUnit.Framework.Constraints.ExactTypeConstraintTests.SucceedsWithGoodValues(NUnit.Framework.Constraints.ExactTypeConstraintTests+D1)" executed="True" result="Success" success="True" time="0.000" asserts="1" />
                        </results>
                      </test-suite>
                    </results>
                  </test-suite>
[...]
                    </results>
                  </test-suite>
                  <test-suite type="TestFixture" name="TestFixtureAttributeTests" executed="True" result="Success" success="True" time="0.006" asserts="0">
                    <results>
                      <test-case name="NUnit.Framework.Tests.TestFixtureAttributeTests.ConstructWithCombinedArgs" executed="True" result="Success" success="True" time="0.000" asserts="2">
                        <categories>
                          <category name="Generics" />
                        </categories>
                      </test-case>
                      <test-case name="NUnit.Framework.Tests.TestFixtureAttributeTests.ConstructWithFixtureArgs" executed="True" result="Success" success="True" time="0.000" asserts="2" />
                      <test-case name="NUnit.Framework.Tests.TestFixtureAttributeTests.ConstructWithFixtureArgsAndSetTypeArgs" executed="True" result="Success" success="True" time="0.000" asserts="2">
                        <categories>
                          <category name="Generics" />
                        </categories>
                      </test-case>
                      <test-case name="NUnit.Framework.Tests.TestFixtureAttributeTests.ConstructWithJustTypeArgs" executed="True" result="Success" success="True" time="0.000" asserts="2">
                        <categories>
                          <category name="Generics" />
                        </categories>
                      </test-case>
                      <test-case name="NUnit.Framework.Tests.TestFixtureAttributeTests.ConstructWithNoArgumentsAndSetTypeArgs" executed="True" result="Success" success="True" time="0.000" asserts="2">
                        <categories>
                          <category name="Generics" />
                        </categories>
                      </test-case>
                      <test-case name="NUnit.Framework.Tests.TestFixtureAttributeTests.ConstructWithoutArguments" executed="True" result="Success" success="True" time="0.000" asserts="2" />
                    </results>
                  </test-suite>
                  <test-suite type="TestFixture" name="TextMessageWriterTests" executed="True" result="Success" success="True" time="0.009" asserts="0">
                    <results>
                      <test-case name="NUnit.Framework.Tests.TextMessageWriterTests.ConnectorIsWrittenWithSurroundingSpaces" executed="True" result="Success" success="True" time="0.000" asserts="1" />
                      <test-case name="NUnit.Framework.Tests.TextMessageWriterTests.DateTimeTest" executed="True" result="Success" success="True" time="0.000" asserts="1" />
                      <test-case name="NUnit.Framework.Tests.TextMessageWriterTests.DecimalIsWrittenToTwentyNineDigits" executed="True" result="Success" success="True" time="0.000" asserts="1" />
                      <test-case name="NUnit.Framework.Tests.TextMessageWriterTests.DecimalIsWrittenWithTrailingM" executed="True" result="Success" success="True" time="0.000" asserts="1" />
                      <test-case name="NUnit.Framework.Tests.TextMessageWriterTests.DisplayStringDifferences" executed="True" result="Success" success="True" time="0.000" asserts="1" />
                      <test-case name="NUnit.Framework.Tests.TextMessageWriterTests.DisplayStringDifferences_NoClipping" executed="True" result="Success" success="True" time="0.000" asserts="1" />
                      <test-case name="NUnit.Framework.Tests.TextMessageWriterTests.DoubleIsWrittenToSeventeenDigits" executed="True" result="Success" success="True" time="0.000" asserts="1" />
                      <test-case name="NUnit.Framework.Tests.TextMessageWriterTests.DoubleIsWrittenWithTrailingD" executed="True" result="Success" success="True" time="0.000" asserts="1" />
                      <test-case name="NUnit.Framework.Tests.TextMessageWriterTests.FloatIsWrittenToNineDigits" executed="True" result="Success" success="True" time="0.000" asserts="2" />
                      <test-case name="NUnit.Framework.Tests.TextMessageWriterTests.FloatIsWrittenWithTrailingF" executed="True" result="Success" success="True" time="0.000" asserts="1" />
                      <test-case name="NUnit.Framework.Tests.TextMessageWriterTests.IntegerIsWrittenAsIs" executed="True" result="Success" success="True" time="0.000" asserts="1" />
                      <test-case name="NUnit.Framework.Tests.TextMessageWriterTests.PredicateIsWrittenWithTrailingSpace" executed="True" result="Success" success="True" time="0.000" asserts="1" />
                      <test-case name="NUnit.Framework.Tests.TextMessageWriterTests.StringIsWrittenWithQuotes" executed="True" result="Success" success="True" time="0.000" asserts="1" />
                    </results>
                  </test-suite>
                  <test-suite type="TestFixture" name="TypeAssertTests" executed="True" result="Success" success="True" time="0.010" asserts="0">
                    <results>
                      <test-case name="NUnit.Framework.Tests.TypeAssertTests.ExactType" executed="True" result="Success" success="True" time="0.000" asserts="1" />
                      <test-case name="NUnit.Framework.Tests.TypeAssertTests.ExactTypeFails" executed="True" result="Success" success="True" time="0.001" asserts="2" />
                      <test-case name="NUnit.Framework.Tests.TypeAssertTests.IsAssignableFrom" executed="True" result="Success" success="True" time="0.001" asserts="3" />
                      <test-case name="NUnit.Framework.Tests.TypeAssertTests.IsAssignableFromFails" executed="True" result="Success" success="True" time="0.001" asserts="2" />
                      <test-case name="NUnit.Framework.Tests.TypeAssertTests.IsInstanceOf" executed="True" result="Success" success="True" time="0.001" asserts="3" />
                      <test-case name="NUnit.Framework.Tests.TypeAssertTests.IsInstanceOfFails" executed="True" result="Success" success="True" time="0.000" asserts="2" />
                      <test-case name="NUnit.Framework.Tests.TypeAssertTests.IsNotAssignableFrom" executed="True" result="Success" success="True" time="0.001" asserts="3" />
                      <test-case name="NUnit.Framework.Tests.TypeAssertTests.IsNotAssignableFromFails" executed="True" result="Success" success="True" time="0.000" asserts="2" />
                      <test-case name="NUnit.Framework.Tests.TypeAssertTests.IsNotInstanceOf" executed="True" result="Success" success="True" time="0.001" asserts="3" />
                      <test-case name="NUnit.Framework.Tests.TypeAssertTests.IsNotInstanceOfFails" executed="True" result="Success" success="True" time="0.000" asserts="2" />
                    </results>
                  </test-suite>
                  <test-suite type="TestFixture" name="ValuesAttributeTests" executed="True" result="Success" success="True" time="0.041" asserts="0">
                    <results>
                      <test-suite type="ParameterizedTest" name="CanConverDoubleToDecimal" executed="True" result="Success" success="True" time="0.000" asserts="0">
                        <results>
                          <test-case name="NUnit.Framework.Tests.ValuesAttributeTests.CanConverDoubleToDecimal(12.5m)" executed="True" result="Success" success="True" time="0.000" asserts="0" />
                        </results>
                      </test-suite>
                      <test-suite type="ParameterizedTest" name="CanConvertDoubleRangeToDecimal" executed="True" result="Success" success="True" time="0.002" asserts="0">
                        <results>
                          <test-case name="NUnit.Framework.Tests.ValuesAttributeTests.CanConvertDoubleRangeToDecimal(1m)" executed="True" result="Success" success="True" time="0.000" asserts="0" />
                          <test-case name="NUnit.Framework.Tests.ValuesAttributeTests.CanConvertDoubleRangeToDecimal(1.1m)" executed="True" result="Success" success="True" time="0.000" asserts="0" />
                          <test-case name="NUnit.Framework.Tests.ValuesAttributeTests.CanConvertDoubleRangeToDecimal(1.2m)" executed="True" result="Success" success="True" time="0.000" asserts="0" />
                          <test-case name="NUnit.Framework.Tests.ValuesAttributeTests.CanConvertDoubleRangeToDecimal(1.3m)" executed="True" result="Success" success="True" time="0.000" asserts="0" />
                        </results>
                      </test-suite>
                      <test-suite type="ParameterizedTest" name="CanConvertIntRangeToByte" executed="True" result="Success" success="True" time="0.001" asserts="0">
                        <results>
                          <test-case name="NUnit.Framework.Tests.ValuesAttributeTests.CanConvertIntRangeToByte(1)" executed="True" result="Success" success="True" time="0.000" asserts="0" />
                          <test-case name="NUnit.Framework.Tests.ValuesAttributeTests.CanConvertIntRangeToByte(2)" executed="True" result="Success" success="True" time="0.000" asserts="0" />
                          <test-case name="NUnit.Framework.Tests.ValuesAttributeTests.CanConvertIntRangeToByte(3)" executed="True" result="Success" success="True" time="0.000" asserts="0" />
                        </results>
                      </test-suite>
                      <test-suite type="ParameterizedTest" name="CanConvertIntRangeToDecimal" executed="True" result="Success" success="True" time="0.001" asserts="0">
                        <results>
                          <test-case name="NUnit.Framework.Tests.ValuesAttributeTests.CanConvertIntRangeToDecimal(1m)" executed="True" result="Success" success="True" time="0.000" asserts="0" />
                          <test-case name="NUnit.Framework.Tests.ValuesAttributeTests.CanConvertIntRangeToDecimal(2m)" executed="True" result="Success" success="True" time="0.000" asserts="0" />
                          <test-case name="NUnit.Framework.Tests.ValuesAttributeTests.CanConvertIntRangeToDecimal(3m)" executed="True" result="Success" success="True" time="0.000" asserts="0" />
                        </results>
                      </test-suite>
                      <test-suite type="ParameterizedTest" name="CanConvertIntRangeToSByte" executed="True" result="Success" success="True" time="0.001" asserts="0">
                        <results>
                          <test-case name="NUnit.Framework.Tests.ValuesAttributeTests.CanConvertIntRangeToSByte(1)" executed="True" result="Success" success="True" time="0.000" asserts="0" />
                          <test-case name="NUnit.Framework.Tests.ValuesAttributeTests.CanConvertIntRangeToSByte(2)" executed="True" result="Success" success="True" time="0.000" asserts="0" />
                          <test-case name="NUnit.Framework.Tests.ValuesAttributeTests.CanConvertIntRangeToSByte(3)" executed="True" result="Success" success="True" time="0.000" asserts="0" />
                        </results>
                      </test-suite>
                      <test-suite type="ParameterizedTest" name="CanConvertIntRangeToShort" executed="True" result="Success" success="True" time="0.002" asserts="0">
                        <results>
                          <test-case name="NUnit.Framework.Tests.ValuesAttributeTests.CanConvertIntRangeToShort(1)" executed="True" result="Success" success="True" time="0.000" asserts="0" />
                          <test-case name="NUnit.Framework.Tests.ValuesAttributeTests.CanConvertIntRangeToShort(2)" executed="True" result="Success" success="True" time="0.000" asserts="0" />
                          <test-case name="NUnit.Framework.Tests.ValuesAttributeTests.CanConvertIntRangeToShort(3)" executed="True" result="Success" success="True" time="0.000" asserts="0" />
                        </results>
                      </test-suite>
                      <test-suite type="ParameterizedTest" name="CanConvertIntToDecimal" executed="True" result="Success" success="True" time="0.001" asserts="0">
                        <results>
                          <test-case name="NUnit.Framework.Tests.ValuesAttributeTests.CanConvertIntToDecimal(12m)" executed="True" result="Success" success="True" time="0.000" asserts="0" />
                        </results>
                      </test-suite>
                      <test-suite type="ParameterizedTest" name="CanConvertRandomDoubleToDecimal" executed="True" result="Success" success="True" time="0.002" asserts="0">
                        <results>
                          <test-case name="NUnit.Framework.Tests.ValuesAttributeTests.CanConvertRandomDoubleToDecimal(4.70040703271535m)" executed="True" result="Success" success="True" time="0.000" asserts="0" />
                          <test-case name="NUnit.Framework.Tests.ValuesAttributeTests.CanConvertRandomDoubleToDecimal(8.88255674200252m)" executed="True" result="Success" success="True" time="0.001" asserts="0" />
                          <test-case name="NUnit.Framework.Tests.ValuesAttributeTests.CanConvertRandomDoubleToDecimal(3.60711565036658m)" executed="True" result="Success" success="True" time="0.000" asserts="0" />
                        </results>
                      </test-suite>
                      <test-suite type="ParameterizedTest" name="CanConvertRandomIntToByte" executed="True" result="Success" success="True" time="0.002" asserts="0">
                        <results>
                          <test-case name="NUnit.Framework.Tests.ValuesAttributeTests.CanConvertRandomIntToByte(8)" executed="True" result="Success" success="True" time="0.000" asserts="0" />
                          <test-case name="NUnit.Framework.Tests.ValuesAttributeTests.CanConvertRandomIntToByte(8)" executed="True" result="Success" success="True" time="0.000" asserts="0" />
                          <test-case name="NUnit.Framework.Tests.ValuesAttributeTests.CanConvertRandomIntToByte(8)" executed="True" result="Success" success="True" time="0.000" asserts="0" />
                        </results>
                      </test-suite>
                      <test-suite type="ParameterizedTest" name="CanConvertRandomIntToDecimal" executed="True" result="Success" success="True" time="0.002" asserts="0">
                        <results>
                          <test-case name="NUnit.Framework.Tests.ValuesAttributeTests.CanConvertRandomIntToDecimal(2m)" executed="True" result="Success" success="True" time="0.000" asserts="0" />
                          <test-case name="NUnit.Framework.Tests.ValuesAttributeTests.CanConvertRandomIntToDecimal(7m)" executed="True" result="Success" success="True" time="0.000" asserts="0" />
                          <test-case name="NUnit.Framework.Tests.ValuesAttributeTests.CanConvertRandomIntToDecimal(9m)" executed="True" result="Success" success="True" time="0.000" asserts="0" />
                        </results>
                      </test-suite>
                      <test-suite type="ParameterizedTest" name="CanConvertRandomIntToSByte" executed="True" result="Success" success="True" time="0.002" asserts="0">
                        <results>
                          <test-case name="NUnit.Framework.Tests.ValuesAttributeTests.CanConvertRandomIntToSByte(8)" executed="True" result="Success" success="True" time="0.000" asserts="0" />
                          <test-case name="NUnit.Framework.Tests.ValuesAttributeTests.CanConvertRandomIntToSByte(3)" executed="True" result="Success" success="True" time="0.000" asserts="0" />
                          <test-case name="NUnit.Framework.Tests.ValuesAttributeTests.CanConvertRandomIntToSByte(5)" executed="True" result="Success" success="True" time="0.000" asserts="0" />
                        </results>
                      </test-suite>
                      <test-suite type="ParameterizedTest" name="CanConvertRandomIntToShort" executed="True" result="Success" success="True" time="0.002" asserts="0">
                        <results>
                          <test-case name="NUnit.Framework.Tests.ValuesAttributeTests.CanConvertRandomIntToShort(4)" executed="True" result="Success" success="True" time="0.000" asserts="0" />
                          <test-case name="NUnit.Framework.Tests.ValuesAttributeTests.CanConvertRandomIntToShort(1)" executed="True" result="Success" success="True" time="0.000" asserts="0" />
                          <test-case name="NUnit.Framework.Tests.ValuesAttributeTests.CanConvertRandomIntToShort(3)" executed="True" result="Success" success="True" time="0.000" asserts="0" />
                        </results>
                      </test-suite>
                      <test-suite type="ParameterizedTest" name="CanConvertSmallIntsToByte" executed="True" result="Success" success="True" time="0.001" asserts="0">
                        <results>
                          <test-case name="NUnit.Framework.Tests.ValuesAttributeTests.CanConvertSmallIntsToByte(5)" executed="True" result="Success" success="True" time="0.000" asserts="0" />
                        </results>
                      </test-suite>
                      <test-suite type="ParameterizedTest" name="CanConvertSmallIntsToSByte" executed="True" result="Success" success="True" time="0.001" asserts="0">
                        <results>
                          <test-case name="NUnit.Framework.Tests.ValuesAttributeTests.CanConvertSmallIntsToSByte(5)" executed="True" result="Success" success="True" time="0.000" asserts="0" />
                        </results>
                      </test-suite>
                      <test-suite type="ParameterizedTest" name="CanConvertSmallIntsToShort" executed="True" result="Success" success="True" time="0.001" asserts="0">
                        <results>
                          <test-case name="NUnit.Framework.Tests.ValuesAttributeTests.CanConvertSmallIntsToShort(5)" executed="True" result="Success" success="True" time="0.000" asserts="0" />
                        </results>
                      </test-suite>
                      <test-suite type="ParameterizedTest" name="CanConvertStringToDecimal" executed="True" result="Success" success="True" time="0.001" asserts="0">
                        <results>
                          <test-case name="NUnit.Framework.Tests.ValuesAttributeTests.CanConvertStringToDecimal(12.5m)" executed="True" result="Success" success="True" time="0.000" asserts="0" />
                        </results>
                      </test-suite>
                      <test-case name="NUnit.Framework.Tests.ValuesAttributeTests.RangeAttributeWithDoubleRangeAndStep" executed="True" result="Success" success="True" time="0.001" asserts="1" />
                      <test-case name="NUnit.Framework.Tests.ValuesAttributeTests.RangeAttributeWithFloatRangeAndStep" executed="True" result="Success" success="True" time="0.000" asserts="1" />
                      <test-case name="NUnit.Framework.Tests.ValuesAttributeTests.RangeAttributeWithIntRange" executed="True" result="Success" success="True" time="0.000" asserts="1" />
                      <test-case name="NUnit.Framework.Tests.ValuesAttributeTests.RangeAttributeWithIntRangeAndStep" executed="True" result="Success" success="True" time="0.000" asserts="1" />
                      <test-case name="NUnit.Framework.Tests.ValuesAttributeTests.RangeAttributeWithLongRangeAndStep" executed="True" result="Success" success="True" time="0.001" asserts="1" />
                      <test-case name="NUnit.Framework.Tests.ValuesAttributeTests.ValuesAttributeProvidesSpecifiedValues" executed="True" result="Success" success="True" time="0.000" asserts="1" />
                    </results>
                  </test-suite>
                </results>
              </test-suite>
            </results>
          </test-suite>
        </results>
      </test-suite>
    </results>
  </test-suite>
</test-results>